 
 Traitement du : Wed Aug 19 07:44:14 CEST 2015 
---------  actualite (19)  -------------- 
---------  actu-juridique (30)  -------------- 
 
 Traitement du : Wed Aug 19 07:45:11 CEST 2015 
---------  actualite (19)  -------------- 
---------  actu-juridique (30)  -------------- 
---------  textes-officiels (48)  -------------- 
---------  jurisprudence (59)  -------------- 
---------  reponses-ministerielles (71)  -------------- 
---------  club-technique (89)  -------------- 
---------  total net (77)  -------------- 
article illisible http://www.lagazettedescommunes.com/377414/dereglements-climatiques%e2%80%85-a-quoi-bon%e2%80%85faire-des-efforts%e2%80%85/null
 
 Traitement du : Wed Aug 19 07:54:45 CEST 2015 
---------  actualite (19)  -------------- 
---------  actu-juridique (11)  -------------- 
---------  textes-officiels (18)  -------------- 
---------  jurisprudence (11)  -------------- 
---------  reponses-ministerielles (12)  -------------- 
---------  club-technique (18)  -------------- 
---------  total brut (77)  -------------- 
article illisible http://www.lagazettedescommunes.com/379999/comment-assurer-une-meilleure-prise-en-charge-financiere-des-interpretes-destines-aux-eleves-sourds-ou-malentendants/null
article illisible http://www.lagazettedescommunes.com/377414/dereglements-climatiques%e2%80%85-a-quoi-bon%e2%80%85faire-des-efforts%e2%80%85/null
article illisible http://www.lagazettedescommunes.com/381387/est-il-possible-delargir-la-periode-de-chasse-aux-sangliers-pour-lutter-contre-leur-forte-proliferation/null
article illisible http://www.lagazettedescommunes.com/382200/refus-de-renouvellement-dun-contrat-2/null
---------  total net (0)  -------------- 
 
 Traitement du : Wed Aug 19 21:30:18 CEST 2015 
---------  actualite (19)  -------------- 
url illisiblehttp://www.lagazettedescommunes.com/rubriques/actu-juridique..........null
 
 Traitement du : Thu Aug 20 07:39:26 CEST 2015 
---------  actualite (19)  -------------- 
---------  actu-juridique (12)  -------------- 
---------  textes-officiels (18)  -------------- 
---------  jurisprudence (11)  -------------- 
---------  reponses-ministerielles (12)  -------------- 
---------  club-technique (18)  -------------- 
*********  total brut (73) 
article illisible http://www.lagazettedescommunes.com/381918/la-taxe-sur-lelectricite-vraisemblablement-etendue-au-gaz-et-aux-carburants/null
article illisible http://www.lagazettedescommunes.com/385182/le-meilleur-de-lactu-juridique/null
*********  total net (0) 
 
 Traitement du : Thu Aug 20 07:50:00 CEST 2015 
---------  actualite (19)  -------------- 
---------  actu-juridique (12)  -------------- 
---------  textes-officiels (18)  -------------- 
---------  jurisprudence (11)  -------------- 
---------  reponses-ministerielles (12)  -------------- 
---------  club-technique (18)  -------------- 
*********  total brut (73) 
*********  total net (6) 
